android/app/build/intermediates/manifest_merge_blame_file/release/manifest-merger-blame-release-report.txt
1<?xml version="1.0" encoding="utf-8"?>
2<manifest xmlns:android="http://schemas.android.com/apk/res/android"
3    package="com.bookapp"
4    android:versionCode="1"
5    android:versionName="1.0" >
6
7    <uses-sdk
8        android:minSdkVersion="21"
8-->src/main/AndroidManifest.xml
9        android:targetSdkVersion="30" />
9-->src/main/AndroidManifest.xml
10
11    <uses-permission android:name="android.permission.INTERNET" />
11-->src/main/AndroidManifest.xml:4:5-67
11-->src/main/AndroidManifest.xml:4:22-64
12    <uses-permission android:name="android.permission.SYSTEM_ALERT_WINDOW" />
12-->src/main/AndroidManifest.xml:5:5-77
12-->src/main/AndroidManifest.xml:5:22-75
13    <uses-permission android:name="android.permission.CAMERA" />
13-->src/main/AndroidManifest.xml:6:5-64
13-->src/main/AndroidManifest.xml:6:22-62
14    <uses-permission android:name="android.permission.WRITE_EXTERNAL_STORAGE" />
14-->src/main/AndroidManifest.xml:7:5-80
14-->src/main/AndroidManifest.xml:7:22-78
15    <uses-permission android:name="android.permission.READ_EXTERNAL_STORAGE" />
15-->src/main/AndroidManifest.xml:8:5-80
15-->src/main/AndroidManifest.xml:8:22-77
16    <uses-permission android:name="android.permission.ACCESS_NETWORK_STATE" />
16-->[:react-native-community_netinfo] AndroidManifest.xml:9:5-79
16-->[:react-native-community_netinfo] AndroidManifest.xml:9:22-76
17    <uses-permission android:name="android.permission.ACCESS_WIFI_STATE" />
17-->[:react-native-community_netinfo] AndroidManifest.xml:10:5-76
17-->[:react-native-community_netinfo] AndroidManifest.xml:10:22-73
18    <uses-permission android:name="android.permission.WAKE_LOCK" /> <!-- Required to access Google Play Licensing -->
18-->[:react-native-firebase_auth] AndroidManifest.xml:10:5-68
18-->[:react-native-firebase_auth] AndroidManifest.xml:10:22-65
19    <uses-permission android:name="com.android.vending.CHECK_LICENSE" /> <!-- Required to to download files without a notification -->
19-->[:react-native-blob-util] AndroidManifest.xml:10:5-73
19-->[:react-native-blob-util] AndroidManifest.xml:10:22-70
20    <uses-permission android:name="android.permission.DOWNLOAD_WITHOUT_NOTIFICATION" />
20-->[:react-native-blob-util] AndroidManifest.xml:37:5-88
20-->[:react-native-blob-util] AndroidManifest.xml:37:22-85
21    <!--
22 <uses-permission android:name="android.permission.CAMERA" />
23    <uses-permission android:name="android.permission.READ_EXTERNAL_STORAGE" />
24    <uses-permission android:name="android.permission.READ_INTERNAL_STORAGE" />
25    <uses-permission android:name="android.permission.WRITE_EXTERNAL_STORAGE" />
26    <uses-permission android:name="android.permission.WRITE_INTERNAL_STORAGE" />
27    -->
28    <application
28-->src/main/AndroidManifest.xml:15:5-33:19
29        android:name="com.bookapp.MainApplication"
29-->src/main/AndroidManifest.xml:16:7-38
30        android:allowBackup="false"
30-->src/main/AndroidManifest.xml:20:7-34
31        android:appComponentFactory="androidx.core.app.CoreComponentFactory"
31-->[androidx.core:core:1.3.1] AndroidManifest.xml:24:18-86
32        android:icon="@mipmap/ic_launcher"
32-->src/main/AndroidManifest.xml:18:7-41
33        android:label="@string/app_name"
33-->src/main/AndroidManifest.xml:17:7-39
34        android:roundIcon="@mipmap/ic_launcher_round"
34-->src/main/AndroidManifest.xml:19:7-52
35        android:theme="@style/AppTheme" >
35-->src/main/AndroidManifest.xml:21:7-38
36        <activity
36-->src/main/AndroidManifest.xml:22:7-32:18
37            android:name="com.bookapp.MainActivity"
37-->src/main/AndroidManifest.xml:23:9-37
38            android:configChanges="keyboard|keyboardHidden|orientation|screenSize|uiMode"
38-->src/main/AndroidManifest.xml:25:9-86
39            android:label="@string/app_name"
39-->src/main/AndroidManifest.xml:24:9-41
40            android:launchMode="singleTask"
40-->src/main/AndroidManifest.xml:26:9-40
41            android:windowSoftInputMode="adjustResize" >
41-->src/main/AndroidManifest.xml:27:9-51
42            <intent-filter>
42-->src/main/AndroidManifest.xml:28:9-31:25
43                <action android:name="android.intent.action.MAIN" />
43-->src/main/AndroidManifest.xml:29:13-65
43-->src/main/AndroidManifest.xml:29:21-62
44
45                <category android:name="android.intent.category.LAUNCHER" />
45-->src/main/AndroidManifest.xml:30:13-73
45-->src/main/AndroidManifest.xml:30:23-70
46            </intent-filter>
47        </activity>
48
49        <meta-data
49-->[:react-native-firebase_app] AndroidManifest.xml:10:9-12:36
50            android:name="app_data_collection_default_enabled"
50-->[:react-native-firebase_app] AndroidManifest.xml:11:13-63
51            android:value="true" />
51-->[:react-native-firebase_app] AndroidManifest.xml:12:13-33
52
53        <service
53-->[:react-native-firebase_app] AndroidManifest.xml:14:9-18:19
54            android:name="com.google.firebase.components.ComponentDiscoveryService"
54-->[:react-native-firebase_app] AndroidManifest.xml:14:18-89
55            android:directBootAware="true"
55-->[com.google.firebase:firebase-common:20.0.0] AndroidManifest.xml:35:13-43
56            android:exported="false" >
56-->[com.google.firebase:firebase-auth:21.0.1] AndroidManifest.xml:76:13-37
57            <meta-data
57-->[:react-native-firebase_app] AndroidManifest.xml:15:13-17:85
58                android:name="com.google.firebase.components:io.invertase.firebase.app.ReactNativeFirebaseAppRegistrar"
58-->[:react-native-firebase_app] AndroidManifest.xml:16:17-120
59                android:value="com.google.firebase.components.ComponentRegistrar" />
59-->[:react-native-firebase_app] AndroidManifest.xml:17:17-82
60            <meta-data
60-->[com.google.firebase:firebase-auth:21.0.1] AndroidManifest.xml:77:13-79:85
61                android:name="com.google.firebase.components:com.google.firebase.auth.FirebaseAuthRegistrar"
61-->[com.google.firebase:firebase-auth:21.0.1] AndroidManifest.xml:78:17-109
62                android:value="com.google.firebase.components.ComponentRegistrar" />
62-->[com.google.firebase:firebase-auth:21.0.1] AndroidManifest.xml:79:17-82
63            <meta-data
63-->[com.google.firebase:firebase-firestore:24.0.0] AndroidManifest.xml:20:13-22:85
64                android:name="com.google.firebase.components:com.google.firebase.firestore.FirestoreRegistrar"
64-->[com.google.firebase:firebase-firestore:24.0.0] AndroidManifest.xml:21:17-111
65                android:value="com.google.firebase.components.ComponentRegistrar" />
65-->[com.google.firebase:firebase-firestore:24.0.0] AndroidManifest.xml:22:17-82
66            <meta-data
66-->[com.google.firebase:firebase-storage:20.0.0] AndroidManifest.xml:33:13-35:85
67                android:name="com.google.firebase.components:com.google.firebase.storage.StorageRegistrar"
67-->[com.google.firebase:firebase-storage:20.0.0] AndroidManifest.xml:34:17-107
68                android:value="com.google.firebase.components.ComponentRegistrar" />
68-->[com.google.firebase:firebase-storage:20.0.0] AndroidManifest.xml:35:17-82
69        </service>
70
71        <provider
71-->[:react-native-firebase_app] AndroidManifest.xml:20:9-24:38
72            android:name="io.invertase.firebase.app.ReactNativeFirebaseAppInitProvider"
72-->[:react-native-firebase_app] AndroidManifest.xml:21:13-88
73            android:authorities="com.bookapp.reactnativefirebaseappinitprovider"
73-->[:react-native-firebase_app] AndroidManifest.xml:22:13-86
74            android:exported="false"
74-->[:react-native-firebase_app] AndroidManifest.xml:23:13-37
75            android:initOrder="99" />
75-->[:react-native-firebase_app] AndroidManifest.xml:24:13-35
76        <provider
76-->[:react-native-blob-util] AndroidManifest.xml:40:9-48:20
77            android:name="com.ReactNativeBlobUtil.Utils.FileProvider"
77-->[:react-native-blob-util] AndroidManifest.xml:41:13-70
78            android:authorities="com.bookapp.provider"
78-->[:react-native-blob-util] AndroidManifest.xml:42:13-60
79            android:exported="false"
79-->[:react-native-blob-util] AndroidManifest.xml:43:13-37
80            android:grantUriPermissions="true" >
80-->[:react-native-blob-util] AndroidManifest.xml:44:13-47
81            <meta-data
81-->[:react-native-blob-util] AndroidManifest.xml:45:13-47:58
82                android:name="android.support.FILE_PROVIDER_PATHS"
82-->[:react-native-blob-util] AndroidManifest.xml:46:17-67
83                android:resource="@xml/provider_paths" />
83-->[:react-native-blob-util] AndroidManifest.xml:47:17-55
84        </provider>
85        <provider
85-->[:react-native-image-picker] AndroidManifest.xml:10:9-18:20
86            android:name="com.imagepicker.ImagePickerProvider"
86-->[:react-native-image-picker] AndroidManifest.xml:11:13-63
87            android:authorities="com.bookapp.imagepickerprovider"
87-->[:react-native-image-picker] AndroidManifest.xml:12:13-71
88            android:exported="false"
88-->[:react-native-image-picker] AndroidManifest.xml:13:13-37
89            android:grantUriPermissions="true" >
89-->[:react-native-image-picker] AndroidManifest.xml:14:13-47
90            <meta-data
90-->[:react-native-blob-util] AndroidManifest.xml:45:13-47:58
91                android:name="android.support.FILE_PROVIDER_PATHS"
91-->[:react-native-blob-util] AndroidManifest.xml:46:17-67
92                android:resource="@xml/imagepicker_provider_paths" />
92-->[:react-native-blob-util] AndroidManifest.xml:47:17-55
93        </provider>
94        <provider
94-->[:rn-fetch-blob] AndroidManifest.xml:34:9-42:20
95            android:name="com.RNFetchBlob.Utils.FileProvider"
95-->[:rn-fetch-blob] AndroidManifest.xml:35:13-62
96            android:authorities="com.bookapp.provider"
96-->[:rn-fetch-blob] AndroidManifest.xml:36:13-60
97            android:exported="false"
97-->[:rn-fetch-blob] AndroidManifest.xml:37:13-37
98            android:grantUriPermissions="true" >
98-->[:rn-fetch-blob] AndroidManifest.xml:38:13-47
99            <meta-data
99-->[:react-native-blob-util] AndroidManifest.xml:45:13-47:58
100                android:name="android.support.FILE_PROVIDER_PATHS"
100-->[:react-native-blob-util] AndroidManifest.xml:46:17-67
101                android:resource="@xml/provider_paths" />
101-->[:react-native-blob-util] AndroidManifest.xml:47:17-55
102        </provider>
103
104        <activity
104-->[com.google.firebase:firebase-auth:21.0.1] AndroidManifest.xml:27:9-44:20
105            android:name="com.google.firebase.auth.internal.GenericIdpActivity"
105-->[com.google.firebase:firebase-auth:21.0.1] AndroidManifest.xml:28:13-80
106            android:excludeFromRecents="true"
106-->[com.google.firebase:firebase-auth:21.0.1] AndroidManifest.xml:29:13-46
107            android:exported="true"
107-->[com.google.firebase:firebase-auth:21.0.1] AndroidManifest.xml:30:13-36
108            android:launchMode="singleTask"
108-->[com.google.firebase:firebase-auth:21.0.1] AndroidManifest.xml:31:13-44
109            android:theme="@android:style/Theme.Translucent.NoTitleBar" >
109-->[com.google.firebase:firebase-auth:21.0.1] AndroidManifest.xml:32:13-72
110            <intent-filter>
110-->[com.google.firebase:firebase-auth:21.0.1] AndroidManifest.xml:33:13-43:29
111                <action android:name="android.intent.action.VIEW" />
111-->[com.google.firebase:firebase-auth:21.0.1] AndroidManifest.xml:34:17-69
111-->[com.google.firebase:firebase-auth:21.0.1] AndroidManifest.xml:34:25-66
112
113                <category android:name="android.intent.category.DEFAULT" />
113-->[com.google.firebase:firebase-auth:21.0.1] AndroidManifest.xml:36:17-76
113-->[com.google.firebase:firebase-auth:21.0.1] AndroidManifest.xml:36:27-73
114                <category android:name="android.intent.category.BROWSABLE" />
114-->[com.google.firebase:firebase-auth:21.0.1] AndroidManifest.xml:37:17-78
114-->[com.google.firebase:firebase-auth:21.0.1] AndroidManifest.xml:37:27-75
115
116                <data
116-->[com.google.firebase:firebase-auth:21.0.1] AndroidManifest.xml:39:17-42:51
117                    android:host="firebase.auth"
117-->[com.google.firebase:firebase-auth:21.0.1] AndroidManifest.xml:40:21-49
118                    android:path="/"
118-->[com.google.firebase:firebase-auth:21.0.1] AndroidManifest.xml:41:21-37
119                    android:scheme="genericidp" />
119-->[com.google.firebase:firebase-auth:21.0.1] AndroidManifest.xml:42:21-48
120            </intent-filter>
121        </activity>
122        <activity
122-->[com.google.firebase:firebase-auth:21.0.1] AndroidManifest.xml:45:9-62:20
123            android:name="com.google.firebase.auth.internal.RecaptchaActivity"
123-->[com.google.firebase:firebase-auth:21.0.1] AndroidManifest.xml:46:13-79
124            android:excludeFromRecents="true"
124-->[com.google.firebase:firebase-auth:21.0.1] AndroidManifest.xml:47:13-46
125            android:exported="true"
125-->[com.google.firebase:firebase-auth:21.0.1] AndroidManifest.xml:48:13-36
126            android:launchMode="singleTask"
126-->[com.google.firebase:firebase-auth:21.0.1] AndroidManifest.xml:49:13-44
127            android:theme="@android:style/Theme.Translucent.NoTitleBar" >
127-->[com.google.firebase:firebase-auth:21.0.1] AndroidManifest.xml:50:13-72
128            <intent-filter>
128-->[com.google.firebase:firebase-auth:21.0.1] AndroidManifest.xml:51:13-61:29
129                <action android:name="android.intent.action.VIEW" />
129-->[com.google.firebase:firebase-auth:21.0.1] AndroidManifest.xml:34:17-69
129-->[com.google.firebase:firebase-auth:21.0.1] AndroidManifest.xml:34:25-66
130
131                <category android:name="android.intent.category.DEFAULT" />
131-->[com.google.firebase:firebase-auth:21.0.1] AndroidManifest.xml:36:17-76
131-->[com.google.firebase:firebase-auth:21.0.1] AndroidManifest.xml:36:27-73
132                <category android:name="android.intent.category.BROWSABLE" />
132-->[com.google.firebase:firebase-auth:21.0.1] AndroidManifest.xml:37:17-78
132-->[com.google.firebase:firebase-auth:21.0.1] AndroidManifest.xml:37:27-75
133
134                <data
134-->[com.google.firebase:firebase-auth:21.0.1] AndroidManifest.xml:39:17-42:51
135                    android:host="firebase.auth"
135-->[com.google.firebase:firebase-auth:21.0.1] AndroidManifest.xml:40:21-49
136                    android:path="/"
136-->[com.google.firebase:firebase-auth:21.0.1] AndroidManifest.xml:41:21-37
137                    android:scheme="recaptcha" />
137-->[com.google.firebase:firebase-auth:21.0.1] AndroidManifest.xml:42:21-48
138            </intent-filter>
139        </activity>
140
141        <service
141-->[com.google.firebase:firebase-auth:21.0.1] AndroidManifest.xml:64:9-73:19
142            android:name="com.google.firebase.auth.api.fallback.service.FirebaseAuthFallbackService"
142-->[com.google.firebase:firebase-auth:21.0.1] AndroidManifest.xml:65:13-101
143            android:enabled="true"
143-->[com.google.firebase:firebase-auth:21.0.1] AndroidManifest.xml:66:13-35
144            android:exported="false" >
144-->[com.google.firebase:firebase-auth:21.0.1] AndroidManifest.xml:67:13-37
145            <intent-filter>
145-->[com.google.firebase:firebase-auth:21.0.1] AndroidManifest.xml:68:13-72:29
146                <action android:name="com.google.firebase.auth.api.gms.service.START" />
146-->[com.google.firebase:firebase-auth:21.0.1] AndroidManifest.xml:69:17-89
146-->[com.google.firebase:firebase-auth:21.0.1] AndroidManifest.xml:69:25-86
147
148                <category android:name="android.intent.category.DEFAULT" />
148-->[com.google.firebase:firebase-auth:21.0.1] AndroidManifest.xml:36:17-76
148-->[com.google.firebase:firebase-auth:21.0.1] AndroidManifest.xml:36:27-73
149            </intent-filter>
150        </service>
151
152        <provider
152-->[com.google.firebase:firebase-common:20.0.0] AndroidManifest.xml:26:9-31:39
153            android:name="com.google.firebase.provider.FirebaseInitProvider"
153-->[com.google.firebase:firebase-common:20.0.0] AndroidManifest.xml:27:13-77
154            android:authorities="com.bookapp.firebaseinitprovider"
154-->[com.google.firebase:firebase-common:20.0.0] AndroidManifest.xml:28:13-72
155            android:directBootAware="true"
155-->[com.google.firebase:firebase-common:20.0.0] AndroidManifest.xml:29:13-43
156            android:exported="false"
156-->[com.google.firebase:firebase-common:20.0.0] AndroidManifest.xml:30:13-37
157            android:initOrder="100" />
157-->[com.google.firebase:firebase-common:20.0.0] AndroidManifest.xml:31:13-36
158
159        <activity
159-->[com.google.android.gms:play-services-auth:20.0.0] AndroidManifest.xml:23:9-27:75
160            android:name="com.google.android.gms.auth.api.signin.internal.SignInHubActivity"
160-->[com.google.android.gms:play-services-auth:20.0.0] AndroidManifest.xml:24:13-93
161            android:excludeFromRecents="true"
161-->[com.google.android.gms:play-services-auth:20.0.0] AndroidManifest.xml:25:13-46
162            android:exported="false"
162-->[com.google.android.gms:play-services-auth:20.0.0] AndroidManifest.xml:26:13-37
163            android:theme="@android:style/Theme.Translucent.NoTitleBar" />
163-->[com.google.android.gms:play-services-auth:20.0.0] AndroidManifest.xml:27:13-72
164        <!--
165            Service handling Google Sign-In user revocation. For apps that do not integrate with
166            Google Sign-In, this service will never be started.
167        -->
168        <service
168-->[com.google.android.gms:play-services-auth:20.0.0] AndroidManifest.xml:33:9-37:51
169            android:name="com.google.android.gms.auth.api.signin.RevocationBoundService"
169-->[com.google.android.gms:play-services-auth:20.0.0] AndroidManifest.xml:34:13-89
170            android:exported="true"
170-->[com.google.android.gms:play-services-auth:20.0.0] AndroidManifest.xml:35:13-36
171            android:permission="com.google.android.gms.auth.api.signin.permission.REVOCATION_NOTIFICATION"
171-->[com.google.android.gms:play-services-auth:20.0.0] AndroidManifest.xml:36:13-107
172            android:visibleToInstantApps="true" />
172-->[com.google.android.gms:play-services-auth:20.0.0] AndroidManifest.xml:37:13-48
173
174        <activity
174-->[com.google.android.gms:play-services-base:18.0.0] AndroidManifest.xml:20:9-22:45
175            android:name="com.google.android.gms.common.api.GoogleApiActivity"
175-->[com.google.android.gms:play-services-base:18.0.0] AndroidManifest.xml:20:19-85
176            android:exported="false"
176-->[com.google.android.gms:play-services-base:18.0.0] AndroidManifest.xml:22:19-43
177            android:theme="@android:style/Theme.Translucent.NoTitleBar" />
177-->[com.google.android.gms:play-services-base:18.0.0] AndroidManifest.xml:21:19-78
178
179        <meta-data
179-->[com.google.android.gms:play-services-basement:18.0.0] AndroidManifest.xml:21:9-23:69
180            android:name="com.google.android.gms.version"
180-->[com.google.android.gms:play-services-basement:18.0.0] AndroidManifest.xml:22:13-58
181            android:value="@integer/google_play_services_version" />
181-->[com.google.android.gms:play-services-basement:18.0.0] AndroidManifest.xml:23:13-66
182    </application>
183
184</manifest>